  stdafx.cpp
c:\projects\lxgameengine\lxgameengine\include\lxfileutil\lxfileutil.h : warning C4819: 该文件包含不能在当前代码页(936)中表示的字符。请将该文件保存为 Unicode 格式以防止数据丢失
c:\projects\lxgameengine\lxgameengine\include\lxfileutil\lxini.h : warning C4819: 该文件包含不能在当前代码页(936)中表示的字符。请将该文件保存为 Unicode 格式以防止数据丢失
  ShaderCache.cpp
  Shader.cpp
  Ref.cpp
  Node.cpp
  LXGameEngine.cpp
c:\projects\lxgameengine\lxgameengine\lxgameengine\lxgameengine.cpp(21): warning C4996: 'freopen': This function or variable may be unsafe. Consider using freopen_s instead. To disable deprecation, use _CRT_SECURE_NO_WARNINGS. See online help for details.
  c:\program files (x86)\windows kits\10\include\10.0.15063.0\ucrt\stdio.h(242): note: 参见“freopen”的声明
c:\projects\lxgameengine\lxgameengine\lxgameengine\lxgameengine.cpp(22): warning C4996: 'freopen': This function or variable may be unsafe. Consider using freopen_s instead. To disable deprecation, use _CRT_SECURE_NO_WARNINGS. See online help for details.
  c:\program files (x86)\windows kits\10\include\10.0.15063.0\ucrt\stdio.h(242): note: 参见“freopen”的声明
  Image.cpp
  Director.cpp
  AutoReleasePool.cpp
  正在生成代码...
LINK : warning LNK4098: 默认库“LIBCMT”与其他库的使用冲突；请使用 /NODEFAULTLIB:library
LINK : warning LNK4098: 默认库“MSVCRT”与其他库的使用冲突；请使用 /NODEFAULTLIB:library
glew32s.lib(glew.obj) : warning LNK4099: 未找到 PDB“vc120.pdb”(使用“glew32s.lib(glew.obj)”或在“C:\Projects\LXGameEngine\LXGameEngine\Debug\vc120.pdb”中寻找)；正在链接对象，如同没有调试信息一样
  LXGameEngine.vcxproj -> C:\Projects\LXGameEngine\LXGameEngine\Debug\LXGameEngine.exe
  LXGameEngine.vcxproj -> C:\Projects\LXGameEngine\LXGameEngine\Debug\LXGameEngine.pdb (Partial PDB)
